<?xml version="1.0" encoding="UTF-8"?>
<testng-results ignored="0" total="1" passed="1" failed="0" skipped="0">
  <reporter-output>
  </reporter-output>
  <suite started-at="2026-05-02T17:52:03 IST" name="Surefire suite" finished-at="2026-05-02T17:52:14 IST" duration-ms="10370">
    <groups>
      <group name="cucumber">
        <method signature="AbstractTestNGCucumberTests.runScenario(io.cucumber.testng.PickleWrapper,io.cucumber.testng.FeatureWrapper)[pri:0, instance:runners.TestRunner@5be6e01c]" name="runScenario" class="io.cucumber.testng.AbstractTestNGCucumberTests"/>
      </group> <!-- cucumber -->
    </groups>
    <test started-at="2026-05-02T17:52:03 IST" name="Surefire test" finished-at="2026-05-02T17:52:14 IST" duration-ms="10370">
      <class name="runners.TestRunner">
        <test-method is-config="true" signature="setUpClass(org.testng.ITestContext)[pri:0, instance:runners.TestRunner@5be6e01c]" started-at="2026-05-02T17:52:03 IST" name="setUpClass" finished-at="2026-05-02T17:52:04 IST" duration-ms="810" status="PASS">
          <params>
            <param index="0">
              <value>
                <![CDATA[org.testng.TestRunner@1d25c1c]]>
              </value>
            </param>
          </params>
          <reporter-output>
          </reporter-output>
        </test-method> <!-- setUpClass -->
        <test-method signature="runScenario(io.cucumber.testng.PickleWrapper,io.cucumber.testng.FeatureWrapper)[pri:0, instance:runners.TestRunner@5be6e01c]" started-at="2026-05-02T17:52:04 IST" name="runScenario" description="Runs Cucumber Scenarios" data-provider="scenarios" finished-at="2026-05-02T17:52:14 IST" duration-ms="9336" status="PASS">
          <params>
            <param index="0">
              <value>
                <![CDATA["verify user is able to login with valid credential."]]>
              </value>
            </param>
            <param index="1">
              <value>
                <![CDATA["validation of rahul setthy demo website."]]>
              </value>
            </param>
          </params>
          <reporter-output>
          </reporter-output>
        </test-method> <!-- runScenario -->
        <test-method is-config="true" signature="tearDownClass()[pri:0, instance:runners.TestRunner@5be6e01c]" started-at="2026-05-02T17:52:14 IST" name="tearDownClass" finished-at="2026-05-02T17:52:14 IST" duration-ms="151" status="PASS">
          <reporter-output>
          </reporter-output>
        </test-method> <!-- tearDownClass -->
      </class> <!-- runners.TestRunner -->
    </test> <!-- Surefire test -->
  </suite> <!-- Surefire suite -->
</testng-results>
