<?xml version="1.0" encoding="UTF-8"?>
<testng-results ignored="0" total="1" passed="1" failed="0" skipped="0">
  <reporter-output>
  </reporter-output>
  <suite started-at="2026-05-03T06:56:41 IST" name="Default suite" finished-at="2026-05-03T06:56:51 IST" duration-ms="9854">
    <groups>
      <group name="cucumber">
        <method signature="AbstractTestNGCucumberTests.runScenario(io.cucumber.testng.PickleWrapper,io.cucumber.testng.FeatureWrapper)[pri:0, instance:runners.TestRunner@43bc63a3]" name="runScenario" class="io.cucumber.testng.AbstractTestNGCucumberTests"/>
      </group> <!-- cucumber -->
    </groups>
    <test started-at="2026-05-03T06:56:41 IST" name="Default test" finished-at="2026-05-03T06:56:51 IST" duration-ms="9854">
      <class name="runners.TestRunner">
        <test-method is-config="true" signature="setUpClass(org.testng.ITestContext)[pri:0, instance:runners.TestRunner@43bc63a3]" started-at="2026-05-03T06:56:41 IST" name="setUpClass" finished-at="2026-05-03T06:56:42 IST" duration-ms="908" status="PASS">
          <params>
            <param index="0">
              <value>
                <![CDATA[org.testng.TestRunner@6ac0b715]]>
              </value>
            </param>
          </params>
          <reporter-output>
          </reporter-output>
        </test-method> <!-- setUpClass -->
        <test-method signature="runScenario(io.cucumber.testng.PickleWrapper,io.cucumber.testng.FeatureWrapper)[pri:0, instance:runners.TestRunner@43bc63a3]" started-at="2026-05-03T06:56:42 IST" name="runScenario" description="Runs Cucumber Scenarios" data-provider="scenarios" finished-at="2026-05-03T06:56:50 IST" duration-ms="8712" status="PASS">
          <params>
            <param index="0">
              <value>
                <![CDATA["verify user is able to login with valid credential."]]>
              </value>
            </param>
            <param index="1">
              <value>
                <![CDATA["validation of rahul setthy demo website."]]>
              </value>
            </param>
          </params>
          <reporter-output>
          </reporter-output>
        </test-method> <!-- runScenario -->
        <test-method is-config="true" signature="tearDownClass()[pri:0, instance:runners.TestRunner@43bc63a3]" started-at="2026-05-03T06:56:50 IST" name="tearDownClass" finished-at="2026-05-03T06:56:51 IST" duration-ms="143" status="PASS">
          <reporter-output>
          </reporter-output>
        </test-method> <!-- tearDownClass -->
      </class> <!-- runners.TestRunner -->
    </test> <!-- Default test -->
  </suite> <!-- Default suite -->
</testng-results>
